Sun Apr 10 15:44:27 CEST 2011: Creating new db @ var/graphdb//neostore
Sun Apr 10 15:44:27 CEST 2011: Opened [var/graphdb//nioneo_logical.log.1] clean empty log, version=0
Sun Apr 10 15:44:27 CEST 2011: Opened [/Users/nachocab/IdeaProjects/graphs/var/graphdb/index/lucene.log.1] clean empty log, version=0
Sun Apr 10 15:44:27 CEST 2011: TM new log: tm_tx_log.1
Sun Apr 10 15:44:27 CEST 2011: --- CONFIGURATION START ---
Sun Apr 10 15:44:27 CEST 2011: Physical mem: 4096MB, Heap size: 123MB
Sun Apr 10 15:44:27 CEST 2011: Kernel version: Neo4j - Graph Database Kernel 1.3.M05
Sun Apr 10 15:44:27 CEST 2011: Neo4j - Graph Database Kernel 1.3.M05
Sun Apr 10 15:44:27 CEST 2011: Operating System: Mac OS X; version: 10.6.7; arch: x86_64; cpus: 2
Sun Apr 10 15:44:27 CEST 2011: VM Name: Java HotSpot(TM) 64-Bit Server VM
Sun Apr 10 15:44:27 CEST 2011: VM Vendor: Apple Inc.
Sun Apr 10 15:44:27 CEST 2011: VM Version: 19.1-b02-334
Sun Apr 10 15:44:27 CEST 2011: Boot Class Path: /System/Library/Java/JavaVirtualMachines/1.6.0.jdk/Contents/Classes/jsfd.jar:/System/Library/Java/JavaVirtualMachines/1.6.0.jdk/Contents/Classes/classes.jar:/System/Library/Frameworks/JavaVM.framework/Frameworks/JavaRuntimeSupport.framework/Resources/Java/JavaRuntimeSupport.jar:/System/Library/Java/JavaVirtualMachines/1.6.0.jdk/Contents/Classes/ui.jar:/System/Library/Java/JavaVirtualMachines/1.6.0.jdk/Contents/Classes/laf.jar:/System/Library/Java/JavaVirtualMachines/1.6.0.jdk/Contents/Classes/sunrsasign.jar:/System/Library/Java/JavaVirtualMachines/1.6.0.jdk/Contents/Classes/jsse.jar:/System/Library/Java/JavaVirtualMachines/1.6.0.jdk/Contents/Classes/jce.jar:/System/Library/Java/JavaVirtualMachines/1.6.0.jdk/Contents/Classes/charsets.jar
Sun Apr 10 15:44:27 CEST 2011: Class Path: /System/Library/Java/Support/CoreDeploy.bundle/Contents/Resources/Java/deploy.jar:/System/Library/Java/JavaVirtualMachines/1.6.0.jdk/Contents/Home/lib/dt.jar:/System/Library/Java/JavaVirtualMachines/1.6.0.jdk/Contents/Home/lib/javaws.jar:/System/Library/Java/JavaVirtualMachines/1.6.0.jdk/Contents/Home/lib/jce.jar:/System/Library/Java/JavaVirtualMachines/1.6.0.jdk/Contents/Home/lib/jconsole.jar:/System/Library/Java/JavaVirtualMachines/1.6.0.jdk/Contents/Home/lib/management-agent.jar:/System/Library/Java/JavaVirtualMachines/1.6.0.jdk/Contents/Home/lib/plugin.jar:/System/Library/Java/JavaVirtualMachines/1.6.0.jdk/Contents/Home/lib/sa-jdi.jar:/System/Library/Java/JavaVirtualMachines/1.6.0.jdk/Contents/Classes/alt-rt.jar:/System/Library/Java/JavaVirtualMachines/1.6.0.jdk/Contents/Classes/alt-string.jar:/System/Library/Java/JavaVirtualMachines/1.6.0.jdk/Contents/Classes/charsets.jar:/System/Library/Java/JavaVirtualMachines/1.6.0.jdk/Contents/Classes/classes.jar:/System/Library/Java/JavaVirtualMachines/1.6.0.jdk/Contents/Classes/jsse.jar:/System/Library/Java/JavaVirtualMachines/1.6.0.jdk/Contents/Classes/ui.jar:/System/Library/Java/JavaVirtualMachines/1.6.0.jdk/Contents/Home/lib/ext/apple_provider.jar:/System/Library/Java/JavaVirtualMachines/1.6.0.jdk/Contents/Home/lib/ext/dnsns.jar:/System/Library/Java/JavaVirtualMachines/1.6.0.jdk/Contents/Home/lib/ext/localedata.jar:/System/Library/Java/JavaVirtualMachines/1.6.0.jdk/Contents/Home/lib/ext/sunjce_provider.jar:/System/Library/Java/JavaVirtualMachines/1.6.0.jdk/Contents/Home/lib/ext/sunpkcs11.jar:/Users/nachocab/IdeaProjects/graphs/out/production/graphs:/Users/nachocab/IdeaProjects/graphs/lib/geronimo-jta_1.1_spec-1.1.1.jar:/Users/nachocab/IdeaProjects/graphs/lib/org.apache.servicemix.bundles.jline-0.9.94_1.jar:/Users/nachocab/IdeaProjects/graphs/lib/org.apache.servicemix.bundles.lucene-3.0.1_2.jar:/Users/nachocab/IdeaProjects/graphs/lib/log4j-1.2.16.jar:/Users/nachocab/IdeaProjects/graphs/lib/neo4j-backup-1.3.M05.jar:/Users/nachocab/IdeaProjects/graphs/lib/neo4j-udc-1.3.M05.jar:/Users/nachocab/IdeaProjects/graphs/lib/neo4j-kernel-1.3.M05.jar:/Users/nachocab/IdeaProjects/graphs/lib/neo4j-management-1.3.M05.jar:/Users/nachocab/IdeaProjects/graphs/lib/neo4j-lucene-index-1.3.M05.jar:/Users/nachocab/IdeaProjects/graphs/lib/neo4j-shell-1.3.M05.jar:/Users/nachocab/IdeaProjects/graphs/lib/neo4j-ha-1.3.M05.jar:/Users/nachocab/IdeaProjects/graphs/lib/neo4j-graph-algo-1.3.M05.jar:/Users/nachocab/IdeaProjects/graphs/lib/neo4j-com-1.3.M05.jar:/Users/nachocab/IdeaProjects/graphs/lib/zookeeper-3.3.2.jar:/Users/nachocab/IdeaProjects/graphs/lib/server-api-1.3.M05.jar:/System/Library/Java/JavaVirtualMachines/1.6.0.jdk/Contents/Home/lib/deploy.jar:/System/Library/Java/JavaVirtualMachines/1.6.0.jdk/Contents/Home/lib/vtd-xml.jar
Sun Apr 10 15:44:27 CEST 2011: Library Path: /Applications/IntelliJ IDEA 10 CE.app/Contents/Resources/Java:/System/Library/PrivateFrameworks/JavaApplicationLauncher.framework/Resources:.:/Library/Java/Extensions:/System/Library/Java/Extensions:/usr/lib/java
Sun Apr 10 15:44:27 CEST 2011: Garbage Collector: ParNew: [Par Eden Space, Par Survivor Space]
Sun Apr 10 15:44:27 CEST 2011: Garbage Collector: ConcurrentMarkSweep: [Par Eden Space, Par Survivor Space, CMS Old Gen, CMS Perm Gen]
Sun Apr 10 15:44:27 CEST 2011: VM Arguments: [-Dfile.encoding=UTF-8]
Sun Apr 10 15:44:27 CEST 2011: 
Sun Apr 10 15:44:28 CEST 2011: adaptive_cache_heap_ratio=0.77
Sun Apr 10 15:44:28 CEST 2011: adaptive_cache_manager_decrease_ratio=1.15
Sun Apr 10 15:44:28 CEST 2011: adaptive_cache_manager_increase_ratio=1.1
Sun Apr 10 15:44:28 CEST 2011: adaptive_cache_worker_sleep_time=3000
Sun Apr 10 15:44:28 CEST 2011: allow_store_upgrade=true
Sun Apr 10 15:44:28 CEST 2011: cache=is in use relationship cache will not be decreased under this value
Sun Apr 10 15:44:28 CEST 2011: create=true
Sun Apr 10 15:44:28 CEST 2011: enable_remote_shell=true
Sun Apr 10 15:44:28 CEST 2011: logical_log=var/graphdb//nioneo_logical.log
Sun Apr 10 15:44:28 CEST 2011: max_node_cache_size=1500
Sun Apr 10 15:44:28 CEST 2011: max_relationship_cache_size=3500
Sun Apr 10 15:44:28 CEST 2011: min_node_cache_size=0
Sun Apr 10 15:44:28 CEST 2011: min_relationship_cache_size=0
Sun Apr 10 15:44:28 CEST 2011: neo_store=var/graphdb//neostore
Sun Apr 10 15:44:28 CEST 2011: neostore.nodestore.db.mapped_memory=25M
Sun Apr 10 15:44:28 CEST 2011: neostore.propertystore.db.arrays.mapped_memory=130M
Sun Apr 10 15:44:28 CEST 2011: neostore.propertystore.db.index.keys.mapped_memory=1M
Sun Apr 10 15:44:28 CEST 2011: neostore.propertystore.db.index.mapped_memory=1M
Sun Apr 10 15:44:28 CEST 2011: neostore.propertystore.db.mapped_memory=90M
Sun Apr 10 15:44:28 CEST 2011: neostore.propertystore.db.strings.mapped_memory=130M
Sun Apr 10 15:44:28 CEST 2011: neostore.relationshipstore.db.mapped_memory=50M
Sun Apr 10 15:44:28 CEST 2011: rebuild_idgenerators_fast=true
Sun Apr 10 15:44:28 CEST 2011: store_dir=var/graphdb/
Sun Apr 10 15:44:28 CEST 2011: use_adaptive_cache=YES
Sun Apr 10 15:44:28 CEST 2011: --- CONFIGURATION END ---
Sun Apr 10 15:44:28 CEST 2011: Extension org.neo4j.kernel.KernelExtension[kernel udc] loaded ok
Sun Apr 10 15:44:28 CEST 2011: Extension org.neo4j.kernel.KernelExtension[kernel jmx] loaded ok
Sun Apr 10 15:44:29 CEST 2011: Extension org.neo4j.kernel.KernelExtension[shell] loaded ok
Sun Apr 10 15:44:29 CEST 2011: Extension org.neo4j.kernel.KernelExtension[online backup] loaded ok
Sun Apr 10 15:56:38 CEST 2011: Startup failed Could not create data source [nioneodb], see nested exception for cause of error
org.neo4j.graphdb.TransactionFailureException: Could not create data source [nioneodb], see nested exception for cause of error
	at org.neo4j.kernel.impl.transaction.TxModule.registerDataSource(TxModule.java:153)
	at org.neo4j.kernel.GraphDbInstance.start(GraphDbInstance.java:110)
	at org.neo4j.kernel.EmbeddedGraphDbImpl.<init>(EmbeddedGraphDbImpl.java:178)
	at org.neo4j.kernel.EmbeddedGraphDatabase.<init>(EmbeddedGraphDatabase.java:80)
	at org.neo4j.kernel.EmbeddedGraphDatabase.<init>(EmbeddedGraphDatabase.java:64)
	at org.neo4j.neoclipse.graphdb.GraphDbServiceManager$Tasks$1.run(GraphDbServiceManager.java:82)
	at java.util.concurrent.Executors$RunnableAdapter.call(Executors.java:441)
	at java.util.concurrent.FutureTask$Sync.innerRun(FutureTask.java:303)
	at java.util.concurrent.FutureTask.run(FutureTask.java:138)
	at java.util.concurrent.ThreadPoolExecutor$Worker.runTask(ThreadPoolExecutor.java:886)
	at java.util.concurrent.ThreadPoolExecutor$Worker.run(ThreadPoolExecutor.java:908)
	at java.lang.Thread.run(Thread.java:680)
Caused by: java.lang.IllegalStateException: Unable to lock store [/Users/nachocab/IdeaProjects/graphs/var/graphdb/neostore], this is usually a result of some other Neo4j kernel running using the same store.
	at org.neo4j.kernel.impl.nioneo.store.CommonAbstractStore.checkStorage(CommonAbstractStore.java:265)
	at org.neo4j.kernel.impl.nioneo.store.CommonAbstractStore.<init>(CommonAbstractStore.java:168)
	at org.neo4j.kernel.impl.nioneo.store.AbstractStore.<init>(AbstractStore.java:119)
	at org.neo4j.kernel.impl.nioneo.store.NeoStore.<init>(NeoStore.java:64)
	at org.neo4j.kernel.impl.nioneo.xa.NeoStoreXaDataSource.<init>(NeoStoreXaDataSource.java:132)
	at sun.reflect.NativeConstructorAccessorImpl.newInstance0(Native Method)
	at sun.reflect.NativeConstructorAccessorImpl.newInstance(NativeConstructorAccessorImpl.java:39)
	at sun.reflect.DelegatingConstructorAccessorImpl.newInstance(DelegatingConstructorAccessorImpl.java:27)
	at java.lang.reflect.Constructor.newInstance(Constructor.java:513)
	at org.neo4j.kernel.impl.transaction.XaDataSourceManager.create(XaDataSourceManager.java:73)
	at org.neo4j.kernel.impl.transaction.TxModule.registerDataSource(TxModule.java:147)
	... 11 more
Sun Apr 10 15:56:51 CEST 2011: /Users/nachocab/IdeaProjects/graphs/var/graphdb/neostore non clean shutdown detected
Sun Apr 10 15:56:51 CEST 2011: /Users/nachocab/IdeaProjects/graphs/var/graphdb/neostore.relationshiptypestore.db non clean shutdown detected
Sun Apr 10 15:56:51 CEST 2011: /Users/nachocab/IdeaProjects/graphs/var/graphdb/neostore.relationshiptypestore.db.names non clean shutdown detected
Sun Apr 10 15:56:51 CEST 2011: /Users/nachocab/IdeaProjects/graphs/var/graphdb/neostore.propertystore.db non clean shutdown detected
Sun Apr 10 15:56:51 CEST 2011: /Users/nachocab/IdeaProjects/graphs/var/graphdb/neostore.propertystore.db.strings non clean shutdown detected
Sun Apr 10 15:56:51 CEST 2011: /Users/nachocab/IdeaProjects/graphs/var/graphdb/neostore.propertystore.db.index non clean shutdown detected
Sun Apr 10 15:56:51 CEST 2011: /Users/nachocab/IdeaProjects/graphs/var/graphdb/neostore.propertystore.db.index.keys non clean shutdown detected
Sun Apr 10 15:56:51 CEST 2011: /Users/nachocab/IdeaProjects/graphs/var/graphdb/neostore.propertystore.db.arrays non clean shutdown detected
Sun Apr 10 15:56:51 CEST 2011: /Users/nachocab/IdeaProjects/graphs/var/graphdb/neostore.relationshipstore.db non clean shutdown detected
Sun Apr 10 15:56:51 CEST 2011: /Users/nachocab/IdeaProjects/graphs/var/graphdb/neostore.nodestore.db non clean shutdown detected
Sun Apr 10 15:56:51 CEST 2011: Opened [/Users/nachocab/IdeaProjects/graphs/var/graphdb/nioneo_logical.log.1] clean empty log, version=0
Sun Apr 10 15:56:51 CEST 2011: /Users/nachocab/IdeaProjects/graphs/var/graphdb/neostore.relationshiptypestore.db.names rebuild id generator, highId=1 defragged count=0
Sun Apr 10 15:56:51 CEST 2011: /Users/nachocab/IdeaProjects/graphs/var/graphdb/neostore.propertystore.db.index.keys rebuild id generator, highId=1 defragged count=0
Sun Apr 10 15:56:51 CEST 2011: /Users/nachocab/IdeaProjects/graphs/var/graphdb/neostore.propertystore.db.index rebuild id generator, highId=1 defragged count=0
Sun Apr 10 15:56:51 CEST 2011: /Users/nachocab/IdeaProjects/graphs/var/graphdb/neostore.propertystore.db.strings rebuild id generator, highId=1 defragged count=0
Sun Apr 10 15:56:51 CEST 2011: /Users/nachocab/IdeaProjects/graphs/var/graphdb/neostore.propertystore.db.arrays rebuild id generator, highId=1 defragged count=0
Sun Apr 10 15:56:51 CEST 2011: /Users/nachocab/IdeaProjects/graphs/var/graphdb/neostore.propertystore.db rebuild id generator, highId=1 defragged count=0
Sun Apr 10 15:56:51 CEST 2011: /Users/nachocab/IdeaProjects/graphs/var/graphdb/neostore.relationshipstore.db rebuild id generator, highId=1 defragged count=0
Sun Apr 10 15:56:51 CEST 2011: /Users/nachocab/IdeaProjects/graphs/var/graphdb/neostore.nodestore.db rebuild id generator, highId=1 defragged count=0
Sun Apr 10 15:56:51 CEST 2011: /Users/nachocab/IdeaProjects/graphs/var/graphdb/neostore rebuild id generator, highId=4 defragged count=0
Sun Apr 10 15:56:51 CEST 2011: Opened [/Users/nachocab/IdeaProjects/graphs/var/graphdb/index/lucene.log.1] clean empty log, version=0
Sun Apr 10 15:56:51 CEST 2011: TM opening log: /Users/nachocab/IdeaProjects/graphs/var/graphdb/tm_tx_log.1
Sun Apr 10 15:56:51 CEST 2011: --- CONFIGURATION START ---
Sun Apr 10 15:56:51 CEST 2011: Physical mem: 4096MB, Heap size: 94MB
Sun Apr 10 15:56:51 CEST 2011: Kernel version: Neo4j - Graph Database Kernel 1.3.M04
Sun Apr 10 15:56:51 CEST 2011: Neo4j - Graph Database Kernel 1.3.M04
Sun Apr 10 15:56:51 CEST 2011: Operating System: Mac OS X; version: 10.6.7; arch: i386; cpus: 2
Sun Apr 10 15:56:51 CEST 2011: VM Name: Java HotSpot(TM) Client VM
Sun Apr 10 15:56:51 CEST 2011: VM Vendor: Apple Inc.
Sun Apr 10 15:56:51 CEST 2011: VM Version: 19.1-b02-334
Sun Apr 10 15:56:51 CEST 2011: Boot Class Path: /System/Library/Java/JavaVirtualMachines/1.6.0.jdk/Contents/Classes/jsfd.jar:/System/Library/Java/JavaVirtualMachines/1.6.0.jdk/Contents/Classes/classes.jar:/System/Library/Frameworks/JavaVM.framework/Frameworks/JavaRuntimeSupport.framework/Resources/Java/JavaRuntimeSupport.jar:/System/Library/Java/JavaVirtualMachines/1.6.0.jdk/Contents/Classes/ui.jar:/System/Library/Java/JavaVirtualMachines/1.6.0.jdk/Contents/Classes/laf.jar:/System/Library/Java/JavaVirtualMachines/1.6.0.jdk/Contents/Classes/sunrsasign.jar:/System/Library/Java/JavaVirtualMachines/1.6.0.jdk/Contents/Classes/jsse.jar:/System/Library/Java/JavaVirtualMachines/1.6.0.jdk/Contents/Classes/jce.jar:/System/Library/Java/JavaVirtualMachines/1.6.0.jdk/Contents/Classes/charsets.jar
Sun Apr 10 15:56:51 CEST 2011: Class Path: /Applications/neoclipse-1.3.M04-macosx.carbon.x86/neoclipse.app/Contents/MacOS/../../../plugins/org.eclipse.equinox.launcher_1.0.101.R34x_v20081125.jar
Sun Apr 10 15:56:51 CEST 2011: Library Path: .:/Library/Java/Extensions:/System/Library/Java/Extensions:/usr/lib/java
Sun Apr 10 15:56:51 CEST 2011: Garbage Collector: ParNew: [Par Eden Space, Par Survivor Space]
Sun Apr 10 15:56:51 CEST 2011: Garbage Collector: ConcurrentMarkSweep: [Par Eden Space, Par Survivor Space, CMS Old Gen, CMS Perm Gen]
Sun Apr 10 15:56:51 CEST 2011: VM Arguments: [-XstartOnFirstThread, -Dorg.eclipse.swt.internal.carbon.smallFonts]
Sun Apr 10 15:56:51 CEST 2011: 
Sun Apr 10 15:56:51 CEST 2011: create=true
Sun Apr 10 15:56:51 CEST 2011: logical_log=/Users/nachocab/IdeaProjects/graphs/var/graphdb/nioneo_logical.log
Sun Apr 10 15:56:51 CEST 2011: neo_store=/Users/nachocab/IdeaProjects/graphs/var/graphdb/neostore
Sun Apr 10 15:56:51 CEST 2011: neostore.nodestore.db.mapped_memory=20M
Sun Apr 10 15:56:51 CEST 2011: neostore.propertystore.db.arrays.mapped_memory=130M
Sun Apr 10 15:56:51 CEST 2011: neostore.propertystore.db.index.keys.mapped_memory=1M
Sun Apr 10 15:56:51 CEST 2011: neostore.propertystore.db.index.mapped_memory=1M
Sun Apr 10 15:56:51 CEST 2011: neostore.propertystore.db.mapped_memory=90M
Sun Apr 10 15:56:51 CEST 2011: neostore.propertystore.db.strings.mapped_memory=130M
Sun Apr 10 15:56:51 CEST 2011: neostore.relationshipstore.db.mapped_memory=100M
Sun Apr 10 15:56:51 CEST 2011: rebuild_idgenerators_fast=true
Sun Apr 10 15:56:51 CEST 2011: store_dir=/Users/nachocab/IdeaProjects/graphs/var/graphdb
Sun Apr 10 15:56:51 CEST 2011: --- CONFIGURATION END ---
Sun Apr 10 15:56:51 CEST 2011: Extension org.neo4j.kernel.KernelExtension[kernel udc] loaded ok
Sun Apr 10 15:56:51 CEST 2011: Extension org.neo4j.kernel.KernelExtension[kernel jmx] loaded ok
Sun Apr 10 15:57:09 CEST 2011: Closed log /Users/nachocab/IdeaProjects/graphs/var/graphdb/nioneo_logical.log
Sun Apr 10 15:57:09 CEST 2011: NeoStore closed
Sun Apr 10 15:57:09 CEST 2011: Closed log /Users/nachocab/IdeaProjects/graphs/var/graphdb/index/lucene.log
Sun Apr 10 15:57:09 CEST 2011: NeoStore closed
Sun Apr 10 15:57:09 CEST 2011: TM shutting down
